0 info it worked if it ends with ok
1 verbose cli [
1 verbose cli   '/usr/local/bin/node',
1 verbose cli   '/Users/carlson/node_modules/.bin/npm',
1 verbose cli   'run',
1 verbose cli   'build-desktop'
1 verbose cli ]
2 info using npm@2.15.12
3 info using node@v22.17.0
4 verbose run-script [ 'prebuild-desktop', 'build-desktop', 'postbuild-desktop' ]
5 info prebuild-desktop scripta-desktop@0.2.0
6 info build-desktop scripta-desktop@0.2.0
7 verbose unsafe-perm in lifecycle true
8 info scripta-desktop@0.2.0 Failed to exec build-desktop script
9 verbose stack Error: scripta-desktop@0.2.0 build-desktop: `elm make src/MainTauri.elm --output=assets/main-tauri.js && tauri build`
9 verbose stack Exit status 1
9 verbose stack     at EventEmitter.<anonymous> (/Users/carlson/node_modules/npm/lib/utils/lifecycle.js:217:16)
9 verbose stack     at EventEmitter.emit (node:events:518:28)
9 verbose stack     at ChildProcess.<anonymous> (/Users/carlson/node_modules/npm/lib/utils/spawn.js:24:14)
9 verbose stack     at ChildProcess.emit (node:events:518:28)
9 verbose stack     at maybeClose (node:internal/child_process:1101:16)
9 verbose stack     at ChildProcess._handle.onexit (node:internal/child_process:304:5)
10 verbose pkgid scripta-desktop@0.2.0
11 verbose cwd /Users/carlson/dev/elm-work/scripta/scripta-compiler-v2/DemoScriptaLive/src-tauri
12 error Darwin 24.6.0
13 error argv "/usr/local/bin/node" "/Users/carlson/node_modules/.bin/npm" "run" "build-desktop"
14 error node v22.17.0
15 error npm  v2.15.12
16 error code ELIFECYCLE
17 error scripta-desktop@0.2.0 build-desktop: `elm make src/MainTauri.elm --output=assets/main-tauri.js && tauri build`
17 error Exit status 1
18 error Failed at the scripta-desktop@0.2.0 build-desktop script 'elm make src/MainTauri.elm --output=assets/main-tauri.js && tauri build'.
18 error This is most likely a problem with the scripta-desktop package,
18 error not with npm itself.
18 error Tell the author that this fails on your system:
18 error     elm make src/MainTauri.elm --output=assets/main-tauri.js && tauri build
18 error You can get information on how to open an issue for this project with:
18 error     npm bugs scripta-desktop
18 error Or if that isn't available, you can get their info via:
18 error
18 error     npm owner ls scripta-desktop
18 error There is likely additional logging output above.
19 verbose exit [ 1, true ]
